<?xml version="1.0" encoding="UTF-8"?>
<testng-results skipped="0" failed="0" ignored="0" total="1" passed="1">
  <reporter-output>
  </reporter-output>
  <suite name="Suite" duration-ms="17478" started-at="2021-02-22T17:32:27Z" finished-at="2021-02-22T17:32:44Z">
    <groups>
    </groups>
    <test name="Test" duration-ms="17478" started-at="2021-02-22T17:32:27Z" finished-at="2021-02-22T17:32:44Z">
      <class name="practice.LauchGoogle">
        <test-method status="PASS" signature="launchBrowser()[pri:0, instance:practice.LauchGoogle@51081592]" name="launchBrowser" duration-ms="17399" started-at="2021-02-22T23:02:27Z" finished-at="2021-02-22T23:02:44Z">
          <reporter-output>
          </reporter-output>
        </test-method> <!-- launchBrowser -->
      </class> <!-- practice.LauchGoogle -->
    </test> <!-- Test -->
  </suite> <!-- Suite -->
</testng-results>
